<?xml version="1.0" encoding="UTF-8"?>
<!-- Generated by org.testng.reporters.JUnitReportReporter -->
<testsuite hostname="DESKTOP-K2A3FQB" failures="0" tests="6" name="testng.ExecutionOrder" time="22.122" errors="0" timestamp="2025-01-28T14:41:55 IST" skipped="0">
  <testcase classname="testng.ExecutionOrder" name="peachmode" time="3.826"/>
  <system-out/>
  <testcase classname="testng.ExecutionOrder" name="twitter" time="4.415"/>
  <system-out/>
  <testcase classname="testng.ExecutionOrder" name="techlearn" time="6.828"/>
  <system-out/>
  <testcase classname="testng.ExecutionOrder" name="snapchat" time="2.670"/>
  <system-out/>
  <testcase classname="testng.ExecutionOrder" name="pinterest" time="1.952"/>
  <system-out/>
  <testcase classname="testng.ExecutionOrder" name="seleniumdev" time="2.431"/>
  <system-out/>
</testsuite> <!-- testng.ExecutionOrder -->
