<?xml version="1.0" encoding="UTF-8"?>
<!-- Generated by org.testng.reporters.JUnitReportReporter -->
<testsuite hostname="DESKTOP-K2A3FQB" failures="0" tests="3" name="seleniumfeaturestestngclass.Scrolldown_Scrollup_IdentifierLocatorElement1" time="12.337" errors="0" timestamp="2025-02-28T06:32:06 IST" skipped="0">
  <testcase classname="seleniumfeaturestestngclass.Scrolldown_Scrollup_IdentifierLocatorElement1" name="scrolldown" time="3.598"/>
  <system-out/>
  <testcase classname="seleniumfeaturestestngclass.Scrolldown_Scrollup_IdentifierLocatorElement1" name="locatorelement" time="5.072"/>
  <system-out/>
  <testcase classname="seleniumfeaturestestngclass.Scrolldown_Scrollup_IdentifierLocatorElement1" name="scrollup" time="3.667"/>
  <system-out/>
</testsuite> <!-- seleniumfeaturestestngclass.Scrolldown_Scrollup_IdentifierLocatorElement1 -->
