<?xml version="1.0" encoding="UTF-8"?>
<!-- Generated by org.testng.reporters.JUnitReportReporter -->
<testsuite hostname="DESKTOP-K2A3FQB" failures="0" tests="5" name="testng.Skip_Ignore_Disabled" time="30.673" errors="0" timestamp="2025-01-14T15:34:54 IST" skipped="1">
  <testcase classname="testng.Skip_Ignore_Disabled" name="firstcry" time="7.379"/>
  <system-out/>
  <testcase classname="testng.Skip_Ignore_Disabled" name="twitter" time="8.835"/>
  <system-out/>
  <testcase classname="testng.Skip_Ignore_Disabled" name="seleniumdev" time="0.657"/>
  <system-out/>
  <testcase classname="testng.Skip_Ignore_Disabled" name="techlearn" time="13.802"/>
  <system-out/>
  <testcase classname="testng.Skip_Ignore_Disabled" name="google">
    <skipped/>
  </testcase> <!-- google -->
  <system-out/>
</testsuite> <!-- testng.Skip_Ignore_Disabled -->
