<?xml version="1.0" encoding="UTF-8"?>
<!-- Generated by org.testng.reporters.JUnitReportReporter -->
<testsuite hostname="DESKTOP-K2A3FQB" failures="0" tests="5" name="testng.Actionsclass" time="20.828" errors="0" timestamp="2025-02-05T21:39:05 IST" skipped="0">
  <testcase classname="testng.Actionsclass" name="Draganddrop" time="2.684"/>
  <system-out/>
  <testcase classname="testng.Actionsclass" name="Rightclick" time="2.350"/>
  <system-out/>
  <testcase classname="testng.Actionsclass" name="Doubleclick" time="6.070"/>
  <system-out/>
  <testcase classname="testng.Actionsclass" name="Keyboardfunctions" time="3.215"/>
  <system-out/>
  <testcase classname="testng.Actionsclass" name="Mouseover" time="6.509"/>
  <system-out/>
</testsuite> <!-- testng.Actionsclass -->
