<?xml version="1.0" encoding="UTF-8"?>
<!-- Generated by org.testng.reporters.JUnitReportReporter -->
<testsuite hostname="DESKTOP-K2A3FQB" failures="0" tests="1" name="seleniumfeaturestestngclass.DropDown_Values" time="14.857" errors="0" timestamp="2025-02-27T22:35:08 IST" skipped="0">
  <testcase classname="seleniumfeaturestestngclass.DropDown_Values" name="selectdropdownoptions" time="14.857"/>
  <system-out/>
</testsuite> <!-- seleniumfeaturestestngclass.DropDown_Values -->
