<?xml version="1.0" encoding="UTF-8"?>
<!-- Generated by org.testng.reporters.JUnitReportReporter -->
<testsuite hostname="DESKTOP-K2A3FQB" failures="0" tests="1" name="testng.IsDisplayed_IsEnabled_IsSelected" time="5.445" errors="0" timestamp="2025-02-03T13:52:21 IST" skipped="0">
  <testcase classname="testng.IsDisplayed_IsEnabled_IsSelected" name="isSeleted" time="5.445"/>
  <system-out/>
</testsuite> <!-- testng.IsDisplayed_IsEnabled_IsSelected -->
