<?xml version="1.0" encoding="UTF-8"?>
<!-- Generated by org.testng.reporters.JUnitReportReporter -->
<testsuite hostname="DESKTOP-K2A3FQB" failures="0" tests="3" name="seleniumfeaturestestngclass.IsDisplayed_IsEnabled_IsSelected" time="13.854" errors="0" timestamp="2025-02-28T07:03:50 IST" skipped="0">
  <testcase classname="seleniumfeaturestestngclass.IsDisplayed_IsEnabled_IsSelected" name="isDisplayed" time="9.511"/>
  <system-out/>
  <testcase classname="seleniumfeaturestestngclass.IsDisplayed_IsEnabled_IsSelected" name="isSeleted" time="2.195"/>
  <system-out/>
  <testcase classname="seleniumfeaturestestngclass.IsDisplayed_IsEnabled_IsSelected" name="isEnabled" time="2.148"/>
  <system-out/>
</testsuite> <!-- seleniumfeaturestestngclass.IsDisplayed_IsEnabled_IsSelected -->
