<?xml version="1.0" encoding="UTF-8"?>
<!-- Generated by org.testng.reporters.JUnitReportReporter -->
<testsuite hostname="DESKTOP-K2A3FQB" failures="0" tests="7" name="testngfeatures.Execution_Order" time="39.867" errors="0" timestamp="2025-02-27T21:27:24 IST" skipped="0">
  <testcase classname="testngfeatures.Execution_Order" name="google" time="3.974"/>
  <system-out/>
  <testcase classname="testngfeatures.Execution_Order" name="techlearn" time="11.288"/>
  <system-out/>
  <testcase classname="testngfeatures.Execution_Order" name="twitter" time="5.531"/>
  <system-out/>
  <testcase classname="testngfeatures.Execution_Order" name="seleniumdev" time="4.923"/>
  <system-out/>
  <testcase classname="testngfeatures.Execution_Order" name="snapchat" time="0.892"/>
  <system-out/>
  <testcase classname="testngfeatures.Execution_Order" name="pinterest" time="7.710"/>
  <system-out/>
  <testcase classname="testngfeatures.Execution_Order" name="peachmode" time="5.549"/>
  <system-out/>
</testsuite> <!-- testngfeatures.Execution_Order -->
