<?xml version="1.0" encoding="UTF-8"?>
<!-- Generated by org.testng.reporters.JUnitReportReporter -->
<testsuite hostname="DESKTOP-K2A3FQB" failures="0" tests="1" name="testng.FileUpload" time="5.704" errors="0" timestamp="2025-01-28T16:40:19 IST" skipped="0">
  <testcase classname="testng.FileUpload" name="attachfile" time="5.704"/>
  <system-out/>
</testsuite> <!-- testng.FileUpload -->
