<?xml version="1.0" encoding="UTF-8"?>
<!-- Generated by org.testng.reporters.JUnitReportReporter -->
<testsuite hostname="DESKTOP-K2A3FQB" failures="0" tests="1" name="seleniumfeaturestestngclass.Iframes" time="19.098" errors="0" timestamp="2025-02-28T06:19:00 IST" skipped="0">
  <testcase classname="seleniumfeaturestestngclass.Iframes" name="framesfeatures" time="19.098"/>
  <system-out/>
</testsuite> <!-- seleniumfeaturestestngclass.Iframes -->
