<?xml version="1.0" encoding="UTF-8"?>
<!-- Generated by org.testng.reporters.JUnitReportReporter -->
<testsuite hostname="DESKTOP-K2A3FQB" failures="0" tests="3" name="seleniumfeaturestestng.IsDisplayed_IsEnabled_IsSelected" time="9.389" errors="0" timestamp="2025-02-05T22:04:18 IST" skipped="0">
  <testcase classname="seleniumfeaturestestng.IsDisplayed_IsEnabled_IsSelected" name="isEnabled" time="1.698"/>
  <system-out/>
  <testcase classname="seleniumfeaturestestng.IsDisplayed_IsEnabled_IsSelected" name="isSeleted" time="1.635"/>
  <system-out/>
  <testcase classname="seleniumfeaturestestng.IsDisplayed_IsEnabled_IsSelected" name="isDisplayed" time="6.056"/>
  <system-out/>
</testsuite> <!-- seleniumfeaturestestng.IsDisplayed_IsEnabled_IsSelected -->
