<?xml version="1.0" encoding="UTF-8"?>
<!-- Generated by org.testng.reporters.JUnitReportReporter -->
<testsuite hostname="DESKTOP-K2A3FQB" failures="0" tests="3" name="seleniumfeaturestestngclass.VerifyTabTitle_UrlText" time="5.340" errors="0" timestamp="2025-02-27T22:39:49 IST" skipped="0">
  <testcase classname="seleniumfeaturestestngclass.VerifyTabTitle_UrlText" name="verifyapptext" time="3.180"/>
  <system-out/>
  <testcase classname="seleniumfeaturestestngclass.VerifyTabTitle_UrlText" name="verifytabtext" time="0.983"/>
  <system-out/>
  <testcase classname="seleniumfeaturestestngclass.VerifyTabTitle_UrlText" name="verifyappurl" time="1.177"/>
  <system-out/>
</testsuite> <!-- seleniumfeaturestestngclass.VerifyTabTitle_UrlText -->
