<?xml version="1.0" encoding="UTF-8"?>
<!-- Generated by org.testng.reporters.JUnitReportReporter -->
<testsuite hostname="DESKTOP-K2A3FQB" failures="0" tests="5" name="seleniumfeaturestestng.ActionsClass" time="20.654" errors="0" timestamp="2025-02-05T21:57:15 IST" skipped="0">
  <testcase classname="seleniumfeaturestestng.ActionsClass" name="Doubleclick" time="5.933"/>
  <system-out/>
  <testcase classname="seleniumfeaturestestng.ActionsClass" name="Draganddrop" time="2.635"/>
  <system-out/>
  <testcase classname="seleniumfeaturestestng.ActionsClass" name="Mouseover" time="6.766"/>
  <system-out/>
  <testcase classname="seleniumfeaturestestng.ActionsClass" name="Keyboardfunctions" time="3.311"/>
  <system-out/>
  <testcase classname="seleniumfeaturestestng.ActionsClass" name="Rightclick" time="2.009"/>
  <system-out/>
</testsuite> <!-- seleniumfeaturestestng.ActionsClass -->
