<?xml version="1.0" encoding="UTF-8"?>
<!-- Generated by org.testng.reporters.JUnitReportReporter -->
<testsuite hostname="DESKTOP-K2A3FQB" failures="0" tests="2" name="testng.Depends_On_Methods" time="4.042" errors="0" timestamp="2025-01-22T20:44:52 IST" skipped="0">
  <testcase classname="testng.Depends_On_Methods" name="method2" time="0.799"/>
  <system-out/>
  <testcase classname="testng.Depends_On_Methods" name="method1" time="3.243"/>
  <system-out/>
</testsuite> <!-- testng.Depends_On_Methods -->
