<?xml version="1.0" encoding="UTF-8"?>
<!-- Generated by org.testng.reporters.JUnitReportReporter -->
<testsuite hostname="DESKTOP-K2A3FQB" failures="0" tests="1" name="seleniumfeaturestestngclass.FileUpload" time="11.124" errors="0" timestamp="2025-02-27T22:37:12 IST" skipped="0">
  <testcase classname="seleniumfeaturestestngclass.FileUpload" name="attachfile" time="11.124"/>
  <system-out/>
</testsuite> <!-- seleniumfeaturestestngclass.FileUpload -->
