<?xml version="1.0" encoding="UTF-8"?>
<!-- Generated by org.testng.reporters.JUnitReportReporter -->
<testsuite hostname="DESKTOP-K2A3FQB" failures="0" tests="1" name="testng.Scrolldown_Scrollup_IdentifierLocatorElement" time="7.181" errors="0" timestamp="2025-01-31T16:47:54 IST" skipped="0">
  <testcase classname="testng.Scrolldown_Scrollup_IdentifierLocatorElement" name="scrollup" time="7.181"/>
  <system-out/>
</testsuite> <!-- testng.Scrolldown_Scrollup_IdentifierLocatorElement -->
