<?xml version="1.0" encoding="UTF-8"?>
<!-- Generated by org.testng.reporters.JUnitReportReporter -->
<testsuite hostname="DESKTOP-K2A3FQB" failures="0" tests="7" name="testng.Description" time="68.223" errors="0" timestamp="2025-01-22T14:43:28 IST" skipped="0">
  <testcase classname="testng.Description" name="testcase0" time="16.916"/>
  <system-out/>
  <testcase classname="testng.Description" name="testcase1" time="17.833"/>
  <system-out/>
  <testcase classname="testng.Description" name="testcase2" time="11.570"/>
  <system-out/>
  <testcase classname="testng.Description" name="testcase4" time="6.897"/>
  <system-out/>
  <testcase classname="testng.Description" name="testcase5" time="0.279"/>
  <system-out/>
  <testcase classname="testng.Description" name="testcase6" time="10.674"/>
  <system-out/>
  <testcase classname="testng.Description" name="testcase3" time="4.054"/>
  <system-out/>
</testsuite> <!-- testng.Description -->
