<?xml version="1.0" encoding="UTF-8"?>
<!-- Generated by org.testng.reporters.JUnitReportReporter -->
<testsuite hostname="DESKTOP-K2A3FQB" failures="0" tests="1" name="seleniumfeaturestestng.FileUpload" time="8.144" errors="0" timestamp="2025-02-05T22:10:06 IST" skipped="0">
  <testcase classname="seleniumfeaturestestng.FileUpload" name="attachfile" time="8.144"/>
  <system-out/>
</testsuite> <!-- seleniumfeaturestestng.FileUpload -->
