<?xml version="1.0" encoding="UTF-8"?>
<!-- Generated by org.testng.reporters.JUnitReportReporter -->
<testsuite hostname="DESKTOP-K2A3FQB" failures="0" tests="2" name="testngfeatures.Depend_On_Methods" time="6.425" errors="0" timestamp="2025-02-27T22:03:00 IST" skipped="0">
  <testcase classname="testngfeatures.Depend_On_Methods" name="method2" time="6.323"/>
  <system-out/>
  <testcase classname="testngfeatures.Depend_On_Methods" name="method1" time="0.102"/>
  <system-out/>
</testsuite> <!-- testngfeatures.Depend_On_Methods -->
