<?xml version="1.0" encoding="UTF-8"?>
<!-- Generated by org.testng.reporters.JUnitReportReporter -->
<testsuite hostname="DESKTOP-K2A3FQB" failures="0" tests="5" name="seleniumfeaturestestngclass.ActionsClass" time="34.488" errors="0" timestamp="2025-02-27T22:36:20 IST" skipped="0">
  <testcase classname="seleniumfeaturestestngclass.ActionsClass" name="Doubleclick" time="22.403"/>
  <system-out/>
  <testcase classname="seleniumfeaturestestngclass.ActionsClass" name="Rightclick" time="2.035"/>
  <system-out/>
  <testcase classname="seleniumfeaturestestngclass.ActionsClass" name="Keyboardfunctions" time="3.448"/>
  <system-out/>
  <testcase classname="seleniumfeaturestestngclass.ActionsClass" name="Draganddrop" time="2.570"/>
  <system-out/>
  <testcase classname="seleniumfeaturestestngclass.ActionsClass" name="Mouseover" time="4.032"/>
  <system-out/>
</testsuite> <!-- seleniumfeaturestestngclass.ActionsClass -->
