<?xml version="1.0" encoding="UTF-8"?>
<!-- Generated by org.testng.reporters.JUnitReportReporter -->
<testsuite hostname="DESKTOP-K2A3FQB" failures="0" tests="7" name="testng.Execution_Order" time="60.849" errors="0" timestamp="2025-01-23T18:50:47 IST" skipped="0">
  <testcase classname="testng.Execution_Order" name="seleniumdev" time="3.438"/>
  <system-out/>
  <testcase classname="testng.Execution_Order" name="google" time="2.984"/>
  <system-out/>
  <testcase classname="testng.Execution_Order" name="techlearn" time="43.827"/>
  <system-out/>
  <testcase classname="testng.Execution_Order" name="snapchat" time="4.918"/>
  <system-out/>
  <testcase classname="testng.Execution_Order" name="twitter" time="2.014"/>
  <system-out/>
  <testcase classname="testng.Execution_Order" name="pinterest" time="2.244"/>
  <system-out/>
  <testcase classname="testng.Execution_Order" name="peachmode" time="1.424"/>
  <system-out/>
</testsuite> <!-- testng.Execution_Order -->
