<?xml version="1.0" encoding="UTF-8"?>
<!-- Generated by org.testng.reporters.JUnitReportReporter -->
<testsuite hostname="DESKTOP-K2A3FQB" failures="0" tests="3" name="seleniumfeaturestestngclass.Aleert_Window_Handles" time="18.630" errors="0" timestamp="2025-02-27T22:34:32 IST" skipped="0">
  <testcase classname="seleniumfeaturestestngclass.Aleert_Window_Handles" name="alertok" time="5.031"/>
  <system-out/>
  <testcase classname="seleniumfeaturestestngclass.Aleert_Window_Handles" name="alertsendtextokcancel" time="4.337"/>
  <system-out/>
  <testcase classname="seleniumfeaturestestngclass.Aleert_Window_Handles" name="alertcancel" time="9.262"/>
  <system-out/>
</testsuite> <!-- seleniumfeaturestestngclass.Aleert_Window_Handles -->
