<?xml version="1.0" encoding="UTF-8"?>
<!-- Generated by org.testng.reporters.JUnitReportReporter -->
<testsuite hostname="DESKTOP-K2A3FQB" failures="0" tests="5" name="testngfeatures.Skip_Ignore_Disabled" time="39.091" errors="0" timestamp="2025-02-27T22:23:35 IST" skipped="1">
  <testcase classname="testngfeatures.Skip_Ignore_Disabled" name="firstcry" time="6.704"/>
  <system-out/>
  <testcase classname="testngfeatures.Skip_Ignore_Disabled" name="twitter" time="29.257"/>
  <system-out/>
  <testcase classname="testngfeatures.Skip_Ignore_Disabled" name="seleniumdev" time="1.747"/>
  <system-out/>
  <testcase classname="testngfeatures.Skip_Ignore_Disabled" name="techlearn" time="1.383"/>
  <system-out/>
  <testcase classname="testngfeatures.Skip_Ignore_Disabled" name="google">
    <skipped/>
  </testcase> <!-- google -->
  <system-out/>
</testsuite> <!-- testngfeatures.Skip_Ignore_Disabled -->
