<?xml version="1.0" encoding="UTF-8"?>
<!-- Generated by org.testng.reporters.JUnitReportReporter -->
<testsuite hostname="DESKTOP-K2A3FQB" failures="0" tests="5" name="testngfeatures.Priority_Order" time="68.327" errors="0" timestamp="2025-02-27T21:29:45 IST" skipped="0">
  <testcase classname="testngfeatures.Priority_Order" name="google" time="4.012"/>
  <system-out/>
  <testcase classname="testngfeatures.Priority_Order" name="pinterest" time="0.784"/>
  <system-out/>
  <testcase classname="testngfeatures.Priority_Order" name="twitter" time="25.024"/>
  <system-out/>
  <testcase classname="testngfeatures.Priority_Order" name="seleniumdev" time="0.240"/>
  <system-out/>
  <testcase classname="testngfeatures.Priority_Order" name="techlearn" time="38.267"/>
  <system-out/>
</testsuite> <!-- testngfeatures.Priority_Order -->
