<?xml version="1.0" encoding="UTF-8"?>
<!-- Generated by org.testng.reporters.JUnitReportReporter -->
<testsuite hostname="DESKTOP-K2A3FQB" failures="0" tests="1" name="seleniumfeaturestestngclass.FullPageScreenshot" time="4.444" errors="0" timestamp="2025-02-13T09:44:51 IST" skipped="0">
  <testcase classname="seleniumfeaturestestngclass.FullPageScreenshot" name="completepagescreenshot" time="4.444"/>
  <system-out/>
</testsuite> <!-- seleniumfeaturestestngclass.FullPageScreenshot -->
