<?xml version="1.0" encoding="UTF-8"?>
<!-- Generated by org.testng.reporters.JUnitReportReporter -->
<testsuite hostname="DESKTOP-K2A3FQB" failures="0" tests="2" name="testngfeatures.Groups" time="13.253" errors="0" timestamp="2025-02-27T22:27:23 IST" skipped="0">
  <testcase classname="testngfeatures.Groups" name="swiggy" time="7.301"/>
  <system-out/>
  <testcase classname="testngfeatures.Groups" name="zomato" time="5.952"/>
  <system-out/>
</testsuite> <!-- testngfeatures.Groups -->
