<?xml version="1.0" encoding="UTF-8"?>
<!-- Generated by org.testng.reporters.JUnitReportReporter -->
<testsuite hostname="DESKTOP-K2A3FQB" failures="0" tests="5" name="testng.Priority_Order" time="23.878" errors="0" timestamp="2025-01-23T07:29:33 IST" skipped="0">
  <testcase classname="testng.Priority_Order" name="google" time="3.362"/>
  <system-out/>
  <testcase classname="testng.Priority_Order" name="pinterest" time="1.724"/>
  <system-out/>
  <testcase classname="testng.Priority_Order" name="twitter" time="6.181"/>
  <system-out/>
  <testcase classname="testng.Priority_Order" name="seleniumdev" time="3.094"/>
  <system-out/>
  <testcase classname="testng.Priority_Order" name="techlearn" time="9.517"/>
  <system-out/>
</testsuite> <!-- testng.Priority_Order -->
