<?xml version="1.0" encoding="UTF-8"?>
<!-- Generated by org.testng.reporters.JUnitReportReporter -->
<testsuite hostname="DESKTOP-K2A3FQB" failures="0" tests="1" name="seleniumfeaturestestngclass.NewTab" time="46.717" errors="0" timestamp="2025-02-28T06:27:30 IST" skipped="0">
  <testcase classname="seleniumfeaturestestngclass.NewTab" name="tabs" time="46.717"/>
  <system-out/>
</testsuite> <!-- seleniumfeaturestestngclass.NewTab -->
