<?xml version="1.0" encoding="UTF-8"?>
<!-- Generated by org.testng.reporters.JUnitReportReporter -->
<testsuite hostname="DESKTOP-K2A3FQB" failures="0" tests="1" name="seleniumfeaturestestngclass.Selected_Webelement_Screenshot" time="55.761" errors="0" timestamp="2025-02-28T06:36:08 IST" skipped="0">
  <testcase classname="seleniumfeaturestestngclass.Selected_Webelement_Screenshot" name="TakeScreenShot" time="55.761"/>
  <system-out/>
</testsuite> <!-- seleniumfeaturestestngclass.Selected_Webelement_Screenshot -->
