<?xml version="1.0" encoding="UTF-8"?>
<!-- Generated by org.testng.reporters.JUnitReportReporter -->
<testsuite hostname="DESKTOP-K2A3FQB" failures="0" tests="7" name="testngfeatures.Description" time="100.793" errors="0" timestamp="2025-02-27T21:33:36 IST" skipped="0">
  <testcase classname="testngfeatures.Description" name="testcase4" time="20.129"/>
  <system-out/>
  <testcase classname="testngfeatures.Description" name="testcase2" time="19.028"/>
  <system-out/>
  <testcase classname="testngfeatures.Description" name="testcase1" time="8.004"/>
  <system-out/>
  <testcase classname="testngfeatures.Description" name="testcase5" time="9.473"/>
  <system-out/>
  <testcase classname="testngfeatures.Description" name="testcase0" time="6.871"/>
  <system-out/>
  <testcase classname="testngfeatures.Description" name="testcase3" time="8.563"/>
  <system-out/>
  <testcase classname="testngfeatures.Description" name="testcase6" time="28.725"/>
  <system-out/>
</testsuite> <!-- testngfeatures.Description -->
