<?xml version="1.0" encoding="UTF-8"?>
<!-- Generated by org.testng.reporters.JUnitReportReporter -->
<testsuite hostname="DESKTOP-K2A3FQB" failures="0" tests="1" name="seleniumfeaturestestngclass.WithoutBrowser" time="7.185" errors="0" timestamp="2025-02-28T06:33:26 IST" skipped="0">
  <testcase classname="seleniumfeaturestestngclass.WithoutBrowser" name="withoutbrowser" time="7.185"/>
  <system-out/>
</testsuite> <!-- seleniumfeaturestestngclass.WithoutBrowser -->
