<?xml version="1.0" encoding="UTF-8"?>
<!-- Generated by org.testng.reporters.JUnitReportReporter -->
<testsuite hostname="DESKTOP-K2A3FQB" failures="0" tests="6" name="navigation.Demo_Test" time="61.362" errors="0" timestamp="2025-02-28T07:06:17 IST" skipped="0">
  <testcase classname="navigation.Demo_Test" name="pinterest" time="6.846"/>
  <system-out/>
  <testcase classname="navigation.Demo_Test" name="twitter" time="14.529"/>
  <system-out/>
  <testcase classname="navigation.Demo_Test" name="peachmode" time="12.647"/>
  <system-out/>
  <testcase classname="navigation.Demo_Test" name="seleniumdev" time="1.866"/>
  <system-out/>
  <testcase classname="navigation.Demo_Test" name="techlearn" time="22.282"/>
  <system-out/>
  <testcase classname="navigation.Demo_Test" name="facebook" time="3.192"/>
  <system-out/>
</testsuite> <!-- navigation.Demo_Test -->
